<?xml version="1.0" encoding="UTF-8"?>
<testng-results ignored="0" total="1" passed="1" failed="0" skipped="0">
  <reporter-output>
    <line>
      <![CDATA[open Browser]]>
    </line>
    <line>
      <![CDATA[login]]>
    </line>
    <line>
      <![CDATA[CreateCustomer]]>
    </line>
    <line>
      <![CDATA[Customer successfully created =HDFC_001]]>
    </line>
    <line>
      <![CDATA[logout]]>
    </line>
    <line>
      <![CDATA[close Browser]]>
    </line>
  </reporter-output>
  <suite started-at="2022-06-12T03:31:57Z" name="Default suite" finished-at="2022-06-12T03:32:27Z" duration-ms="30141">
    <groups>
    </groups>
    <test started-at="2022-06-12T03:31:57Z" name="Default test" finished-at="2022-06-12T03:32:27Z" duration-ms="30141">
      <class name="com.antitime.testscript.CustomerModule">
        <test-method is-config="true" signature="openBrowser()[pri:0, instance:com.antitime.testscript.CustomerModule@5a59ca5e]" started-at="2022-06-12T03:31:57Z" name="openBrowser" finished-at="2022-06-12T03:32:04Z" duration-ms="7152" status="PASS">
          <reporter-output>
            <line>
              <![CDATA[open Browser]]>
            </line>
          </reporter-output>
        </test-method> <!-- openBrowser -->
        <test-method is-config="true" signature="login()[pri:0, instance:com.antitime.testscript.CustomerModule@5a59ca5e]" started-at="2022-06-12T03:32:04Z" name="login" finished-at="2022-06-12T03:32:10Z" duration-ms="6190" status="PASS">
          <reporter-output>
            <line>
              <![CDATA[login]]>
            </line>
          </reporter-output>
        </test-method> <!-- login -->
        <test-method signature="testCreateCustomer()[pri:0, instance:com.antitime.testscript.CustomerModule@5a59ca5e]" started-at="2022-06-12T03:32:10Z" name="testCreateCustomer" finished-at="2022-06-12T03:32:24Z" duration-ms="13885" status="PASS">
          <reporter-output>
            <line>
              <![CDATA[CreateCustomer]]>
            </line>
            <line>
              <![CDATA[Customer successfully created =HDFC_001]]>
            </line>
          </reporter-output>
        </test-method> <!-- testCreateCustomer -->
        <test-method is-config="true" signature="logout()[pri:0, instance:com.antitime.testscript.CustomerModule@5a59ca5e]" started-at="2022-06-12T03:32:24Z" name="logout" finished-at="2022-06-12T03:32:27Z" duration-ms="2609" status="PASS">
          <reporter-output>
            <line>
              <![CDATA[logout]]>
            </line>
          </reporter-output>
        </test-method> <!-- logout -->
        <test-method is-config="true" signature="closeBrowser()[pri:0, instance:com.antitime.testscript.CustomerModule@5a59ca5e]" started-at="2022-06-12T03:32:27Z" name="closeBrowser" finished-at="2022-06-12T03:32:27Z" duration-ms="267" status="PASS">
          <reporter-output>
            <line>
              <![CDATA[close Browser]]>
            </line>
          </reporter-output>
        </test-method> <!-- closeBrowser -->
      </class> <!-- com.antitime.testscript.CustomerModule -->
    </test> <!-- Default test -->
  </suite> <!-- Default suite -->
</testng-results>
